<?xml version='1.0' encoding='UTF-8'?>
<testsuite hostname="Martin" name="recfun.CountChangeSuite" tests="4" errors="0" failures="0" time="0.035">
                     <properties>
[...]
</properties>
                     <testcase classname="recfun.CountChangeSuite" name="countChange: example given in instructions" time="0.03">
                                                 
                                               </testcase><testcase classname="recfun.CountChangeSuite" name="countChange: sorted CHF" time="0.003">
                                                 
                                               </testcase><testcase classname="recfun.CountChangeSuite" name="countChange: no pennies" time="0.001">
                                                 
                                               </testcase><testcase classname="recfun.CountChangeSuite" name="countChange: unsorted CHF" time="0.001">
                                                 
                                               </testcase>
                     <system-out></system-out>
                     <system-err></system-err>
                   </testsuite>